{"C:\\Users\\Vachu\\Desktop\\React1\\03-gifs-app\\src\\GifsApp.tsx": {"path":"C:\\Users\\Vachu\\Desktop\\React1\\03-gifs-app\\src\\GifsApp.tsx","statementMap":{"0":{"start":{"line":7,"column":23},"end":{"line":23,"column":null}},"1":{"start":{"line":9,"column":62},"end":{"line":9,"column":null}},"2":{"start":{"line":12,"column":2},"end":{"line":21,"column":null}}},"fnMap":{"0":{"name":"(anonymous_0)","decl":{"start":{"line":7,"column":23},"end":{"line":7,"column":29}},"loc":{"start":{"line":7,"column":29},"end":{"line":23,"column":null}},"line":7}},"branchMap":{},"s":{"0":1,"1":1,"2":1},"f":{"0":1},"b":{},"meta":{"lastBranch":0,"lastFunction":1,"lastStatement":3,"seen":{"s:7:23:23:Infinity":0,"f:7:23:7:29":0,"s:9:62:9:Infinity":1,"s:12:2:21:Infinity":2}}}
,"C:\\Users\\Vachu\\Desktop\\React1\\03-gifs-app\\src\\counter\\components\\MyCounterApp.tsx": {"path":"C:\\Users\\Vachu\\Desktop\\React1\\03-gifs-app\\src\\counter\\components\\MyCounterApp.tsx","statementMap":{"0":{"start":{"line":4,"column":28},"end":{"line":20,"column":null}},"1":{"start":{"line":6,"column":56},"end":{"line":6,"column":null}},"2":{"start":{"line":9,"column":2},"end":{"line":18,"column":null}}},"fnMap":{"0":{"name":"(anonymous_0)","decl":{"start":{"line":4,"column":28},"end":{"line":4,"column":34}},"loc":{"start":{"line":4,"column":34},"end":{"line":20,"column":null}},"line":4}},"branchMap":{},"s":{"0":2,"1":8,"2":8},"f":{"0":8},"b":{},"meta":{"lastBranch":0,"lastFunction":1,"lastStatement":3,"seen":{"s:4:28:20:Infinity":0,"f:4:28:4:34":0,"s:6:56:6:Infinity":1,"s:9:2:18:Infinity":2}}}
,"C:\\Users\\Vachu\\Desktop\\React1\\03-gifs-app\\src\\counter\\components\\hooks\\useCounter.tsx": {"path":"C:\\Users\\Vachu\\Desktop\\React1\\03-gifs-app\\src\\counter\\components\\hooks\\useCounter.tsx","statementMap":{"0":{"start":{"line":3,"column":26},"end":{"line":24,"column":null}},"1":{"start":{"line":4,"column":28},"end":{"line":4,"column":null}},"2":{"start":{"line":6,"column":20},"end":{"line":8,"column":null}},"3":{"start":{"line":7,"column":4},"end":{"line":7,"column":null}},"4":{"start":{"line":10,"column":25},"end":{"line":12,"column":null}},"5":{"start":{"line":11,"column":4},"end":{"line":11,"column":null}},"6":{"start":{"line":11,"column":30},"end":{"line":11,"column":43}},"7":{"start":{"line":14,"column":22},"end":{"line":16,"column":null}},"8":{"start":{"line":15,"column":4},"end":{"line":15,"column":null}},"9":{"start":{"line":18,"column":2},"end":{"line":23,"column":null}}},"fnMap":{"0":{"name":"(anonymous_0)","decl":{"start":{"line":3,"column":26},"end":{"line":3,"column":27}},"loc":{"start":{"line":3,"column":57},"end":{"line":24,"column":null}},"line":3},"1":{"name":"(anonymous_1)","decl":{"start":{"line":6,"column":20},"end":{"line":6,"column":26}},"loc":{"start":{"line":6,"column":26},"end":{"line":8,"column":null}},"line":6},"2":{"name":"(anonymous_2)","decl":{"start":{"line":10,"column":25},"end":{"line":10,"column":31}},"loc":{"start":{"line":10,"column":31},"end":{"line":12,"column":null}},"line":10},"3":{"name":"(anonymous_3)","decl":{"start":{"line":11,"column":15},"end":{"line":11,"column":16}},"loc":{"start":{"line":11,"column":30},"end":{"line":11,"column":43}},"line":11},"4":{"name":"(anonymous_4)","decl":{"start":{"line":14,"column":22},"end":{"line":14,"column":28}},"loc":{"start":{"line":14,"column":28},"end":{"line":16,"column":null}},"line":14}},"branchMap":{"0":{"loc":{"start":{"line":3,"column":27},"end":{"line":3,"column":57}},"type":"default-arg","locations":[{"start":{"line":3,"column":50},"end":{"line":3,"column":57}}],"line":3}},"s":{"0":2,"1":15,"2":15,"3":2,"4":15,"5":7,"6":7,"7":15,"8":2,"9":15},"f":{"0":15,"1":2,"2":7,"3":7,"4":2},"b":{"0":[15]},"meta":{"lastBranch":1,"lastFunction":5,"lastStatement":10,"seen":{"s:3:26:24:Infinity":0,"f:3:26:3:27":0,"b:3:50:3:57":0,"s:4:28:4:Infinity":1,"s:6:20:8:Infinity":2,"f:6:20:6:26":1,"s:7:4:7:Infinity":3,"s:10:25:12:Infinity":4,"f:10:25:10:31":2,"s:11:4:11:Infinity":5,"f:11:15:11:16":3,"s:11:30:11:43":6,"s:14:22:16:Infinity":7,"f:14:22:14:28":4,"s:15:4:15:Infinity":8,"s:18:2:23:Infinity":9}}}
,"C:\\Users\\Vachu\\Desktop\\React1\\03-gifs-app\\src\\gifs\\actions\\get-gifs-by-query.action.ts": {"path":"C:\\Users\\Vachu\\Desktop\\React1\\03-gifs-app\\src\\gifs\\actions\\get-gifs-by-query.action.ts","statementMap":{"0":{"start":{"line":6,"column":30},"end":{"line":33,"column":null}},"1":{"start":{"line":7,"column":2},"end":{"line":9,"column":3}},"2":{"start":{"line":8,"column":4},"end":{"line":8,"column":null}},"3":{"start":{"line":11,"column":2},"end":{"line":29,"column":null}},"4":{"start":{"line":12,"column":19},"end":{"line":17,"column":null}},"5":{"start":{"line":19,"column":2},"end":{"line":25,"column":null}},"6":{"start":{"line":19,"column":42},"end":{"line":25,"column":4}},"7":{"start":{"line":27,"column":4},"end":{"line":27,"column":null}},"8":{"start":{"line":28,"column":4},"end":{"line":28,"column":null}}},"fnMap":{"0":{"name":"(anonymous_0)","decl":{"start":{"line":6,"column":30},"end":{"line":6,"column":37}},"loc":{"start":{"line":6,"column":71},"end":{"line":33,"column":null}},"line":6},"1":{"name":"(anonymous_1)","decl":{"start":{"line":19,"column":32},"end":{"line":19,"column":33}},"loc":{"start":{"line":19,"column":42},"end":{"line":25,"column":4}},"line":19}},"branchMap":{"0":{"loc":{"start":{"line":7,"column":2},"end":{"line":9,"column":3}},"type":"if","locations":[{"start":{"line":7,"column":2},"end":{"line":9,"column":3}},{"start":{},"end":{}}],"line":7}},"s":{"0":3,"1":6,"2":1,"3":5,"4":5,"5":4,"6":60,"7":1,"8":1},"f":{"0":6,"1":60},"b":{"0":[1,5]},"meta":{"lastBranch":1,"lastFunction":2,"lastStatement":9,"seen":{"s:6:30:33:Infinity":0,"f:6:30:6:37":0,"b:7:2:9:3:undefined:undefined:undefined:undefined":0,"s:7:2:9:3":1,"s:8:4:8:Infinity":2,"s:11:2:29:Infinity":3,"s:12:19:17:Infinity":4,"s:19:2:25:Infinity":5,"f:19:32:19:33":1,"s:19:42:25:4":6,"s:27:4:27:Infinity":7,"s:28:4:28:Infinity":8}}}
,"C:\\Users\\Vachu\\Desktop\\React1\\03-gifs-app\\src\\gifs\\api\\giphy.api.ts": {"path":"C:\\Users\\Vachu\\Desktop\\React1\\03-gifs-app\\src\\gifs\\api\\giphy.api.ts","statementMap":{"0":{"start":{"line":3,"column":24},"end":{"line":9,"column":null}}},"fnMap":{},"branchMap":{},"s":{"0":4},"f":{},"b":{},"meta":{"lastBranch":0,"lastFunction":0,"lastStatement":1,"seen":{"s:3:24:9:Infinity":0}}}
,"C:\\Users\\Vachu\\Desktop\\React1\\03-gifs-app\\src\\gifs\\components\\GifList.tsx": {"path":"C:\\Users\\Vachu\\Desktop\\React1\\03-gifs-app\\src\\gifs\\components\\GifList.tsx","statementMap":{"0":{"start":{"line":8,"column":34},"end":{"line":24,"column":null}},"1":{"start":{"line":9,"column":2},"end":{"line":22,"column":null}},"2":{"start":{"line":13,"column":12},"end":{"line":19,"column":null}}},"fnMap":{"0":{"name":"(anonymous_0)","decl":{"start":{"line":8,"column":34},"end":{"line":8,"column":36}},"loc":{"start":{"line":8,"column":48},"end":{"line":24,"column":null}},"line":8},"1":{"name":"(anonymous_1)","decl":{"start":{"line":12,"column":20},"end":{"line":12,"column":21}},"loc":{"start":{"line":13,"column":12},"end":{"line":19,"column":null}},"line":13}},"branchMap":{},"s":{"0":1,"1":1,"2":0},"f":{"0":1,"1":0},"b":{},"meta":{"lastBranch":0,"lastFunction":2,"lastStatement":3,"seen":{"s:8:34:24:Infinity":0,"f:8:34:8:36":0,"s:9:2:22:Infinity":1,"f:12:20:12:21":1,"s:13:12:19:Infinity":2}}}
,"C:\\Users\\Vachu\\Desktop\\React1\\03-gifs-app\\src\\gifs\\components\\PreviousSearches.tsx": {"path":"C:\\Users\\Vachu\\Desktop\\React1\\03-gifs-app\\src\\gifs\\components\\PreviousSearches.tsx","statementMap":{"0":{"start":{"line":7,"column":44},"end":{"line":19,"column":null}},"1":{"start":{"line":8,"column":2},"end":{"line":17,"column":null}},"2":{"start":{"line":13,"column":10},"end":{"line":14,"column":null}},"3":{"start":{"line":13,"column":40},"end":{"line":13,"column":null}}},"fnMap":{"0":{"name":"(anonymous_0)","decl":{"start":{"line":7,"column":44},"end":{"line":7,"column":46}},"loc":{"start":{"line":7,"column":77},"end":{"line":19,"column":null}},"line":7},"1":{"name":"(anonymous_1)","decl":{"start":{"line":12,"column":22},"end":{"line":12,"column":23}},"loc":{"start":{"line":13,"column":10},"end":{"line":14,"column":null}},"line":13},"2":{"name":"(anonymous_2)","decl":{"start":{"line":13,"column":34},"end":{"line":13,"column":40}},"loc":{"start":{"line":13,"column":40},"end":{"line":13,"column":null}},"line":13}},"branchMap":{},"s":{"0":1,"1":1,"2":0,"3":0},"f":{"0":1,"1":0,"2":0},"b":{},"meta":{"lastBranch":0,"lastFunction":3,"lastStatement":4,"seen":{"s:7:44:19:Infinity":0,"f:7:44:7:46":0,"s:8:2:17:Infinity":1,"f:12:22:12:23":1,"s:13:10:14:Infinity":2,"f:13:34:13:40":2,"s:13:40:13:Infinity":3}}}
,"C:\\Users\\Vachu\\Desktop\\React1\\03-gifs-app\\src\\gifs\\hooks\\useGifs.tsx": {"path":"C:\\Users\\Vachu\\Desktop\\React1\\03-gifs-app\\src\\gifs\\hooks\\useGifs.tsx","statementMap":{"0":{"start":{"line":10,"column":23},"end":{"line":51,"column":null}},"1":{"start":{"line":12,"column":22},"end":{"line":12,"column":null}},"2":{"start":{"line":14,"column":40},"end":{"line":14,"column":null}},"3":{"start":{"line":16,"column":8},"end":{"line":16,"column":null}},"4":{"start":{"line":18,"column":28},"end":{"line":28,"column":null}},"5":{"start":{"line":21,"column":4},"end":{"line":24,"column":null}},"6":{"start":{"line":22,"column":6},"end":{"line":22,"column":null}},"7":{"start":{"line":23,"column":6},"end":{"line":23,"column":null}},"8":{"start":{"line":25,"column":17},"end":{"line":25,"column":null}},"9":{"start":{"line":26,"column":4},"end":{"line":26,"column":null}},"10":{"start":{"line":27,"column":4},"end":{"line":27,"column":null}},"11":{"start":{"line":30,"column":23},"end":{"line":44,"column":null}},"12":{"start":{"line":31,"column":4},"end":{"line":31,"column":null}},"13":{"start":{"line":33,"column":4},"end":{"line":33,"column":null}},"14":{"start":{"line":33,"column":28},"end":{"line":33,"column":null}},"15":{"start":{"line":35,"column":4},"end":{"line":35,"column":null}},"16":{"start":{"line":35,"column":39},"end":{"line":35,"column":null}},"17":{"start":{"line":37,"column":4},"end":{"line":37,"column":null}},"18":{"start":{"line":39,"column":17},"end":{"line":39,"column":null}},"19":{"start":{"line":41,"column":4},"end":{"line":41,"column":null}},"20":{"start":{"line":43,"column":4},"end":{"line":43,"column":null}},"21":{"start":{"line":45,"column":2},"end":{"line":50,"column":null}}},"fnMap":{"0":{"name":"(anonymous_0)","decl":{"start":{"line":10,"column":23},"end":{"line":10,"column":29}},"loc":{"start":{"line":10,"column":29},"end":{"line":51,"column":null}},"line":10},"1":{"name":"(anonymous_1)","decl":{"start":{"line":18,"column":28},"end":{"line":18,"column":35}},"loc":{"start":{"line":18,"column":52},"end":{"line":28,"column":null}},"line":18},"2":{"name":"(anonymous_2)","decl":{"start":{"line":30,"column":23},"end":{"line":30,"column":30}},"loc":{"start":{"line":30,"column":53},"end":{"line":44,"column":null}},"line":30}},"branchMap":{"0":{"loc":{"start":{"line":21,"column":4},"end":{"line":24,"column":null}},"type":"if","locations":[{"start":{"line":21,"column":4},"end":{"line":24,"column":null}},{"start":{},"end":{}}],"line":21},"1":{"loc":{"start":{"line":30,"column":30},"end":{"line":30,"column":53}},"type":"default-arg","locations":[{"start":{"line":30,"column":46},"end":{"line":30,"column":53}}],"line":30},"2":{"loc":{"start":{"line":33,"column":4},"end":{"line":33,"column":null}},"type":"if","locations":[{"start":{"line":33,"column":4},"end":{"line":33,"column":null}},{"start":{},"end":{}}],"line":33},"3":{"loc":{"start":{"line":35,"column":4},"end":{"line":35,"column":null}},"type":"if","locations":[{"start":{"line":35,"column":4},"end":{"line":35,"column":null}},{"start":{},"end":{}}],"line":35}},"s":{"0":2,"1":22,"2":22,"3":22,"4":22,"5":3,"6":1,"7":1,"8":2,"9":2,"10":2,"11":22,"12":13,"13":13,"14":1,"15":12,"16":1,"17":11,"18":11,"19":11,"20":11,"21":22},"f":{"0":22,"1":3,"2":13},"b":{"0":[1,2],"1":[13],"2":[1,12],"3":[1,11]},"meta":{"lastBranch":4,"lastFunction":3,"lastStatement":22,"seen":{"s:10:23:51:Infinity":0,"f:10:23:10:29":0,"s:12:22:12:Infinity":1,"s:14:40:14:Infinity":2,"s:16:8:16:Infinity":3,"s:18:28:28:Infinity":4,"f:18:28:18:35":1,"b:21:4:24:Infinity:undefined:undefined:undefined:undefined":0,"s:21:4:24:Infinity":5,"s:22:6:22:Infinity":6,"s:23:6:23:Infinity":7,"s:25:17:25:Infinity":8,"s:26:4:26:Infinity":9,"s:27:4:27:Infinity":10,"s:30:23:44:Infinity":11,"f:30:23:30:30":2,"b:30:46:30:53":1,"s:31:4:31:Infinity":12,"b:33:4:33:Infinity:undefined:undefined:undefined:undefined":2,"s:33:4:33:Infinity":13,"s:33:28:33:Infinity":14,"b:35:4:35:Infinity:undefined:undefined:undefined:undefined":3,"s:35:4:35:Infinity":15,"s:35:39:35:Infinity":16,"s:37:4:37:Infinity":17,"s:39:17:39:Infinity":18,"s:41:4:41:Infinity":19,"s:43:4:43:Infinity":20,"s:45:2:50:Infinity":21}}}
,"C:\\Users\\Vachu\\Desktop\\React1\\03-gifs-app\\src\\shared\\components\\CustomHeader.tsx": {"path":"C:\\Users\\Vachu\\Desktop\\React1\\03-gifs-app\\src\\shared\\components\\CustomHeader.tsx","statementMap":{"0":{"start":{"line":6,"column":28},"end":{"line":19,"column":null}},"1":{"start":{"line":7,"column":2},"end":{"line":17,"column":null}}},"fnMap":{"0":{"name":"(anonymous_0)","decl":{"start":{"line":6,"column":28},"end":{"line":6,"column":30}},"loc":{"start":{"line":6,"column":62},"end":{"line":19,"column":null}},"line":6}},"branchMap":{"0":{"loc":{"start":{"line":12,"column":10},"end":{"line":13,"column":null}},"type":"binary-expr","locations":[{"start":{"line":12,"column":10},"end":{"line":12,"column":null}},{"start":{"line":13,"column":12},"end":{"line":13,"column":null}}],"line":12}},"s":{"0":2,"1":4},"f":{"0":4},"b":{"0":[4,2]},"meta":{"lastBranch":1,"lastFunction":1,"lastStatement":2,"seen":{"s:6:28:19:Infinity":0,"f:6:28:6:30":0,"s:7:2:17:Infinity":1,"b:12:10:12:Infinity:13:12:13:Infinity":0}}}
,"C:\\Users\\Vachu\\Desktop\\React1\\03-gifs-app\\src\\shared\\components\\SearchBar.tsx": {"path":"C:\\Users\\Vachu\\Desktop\\React1\\03-gifs-app\\src\\shared\\components\\SearchBar.tsx","statementMap":{"0":{"start":{"line":8,"column":25},"end":{"line":46,"column":null}},"1":{"start":{"line":10,"column":24},"end":{"line":10,"column":null}},"2":{"start":{"line":12,"column":2},"end":{"line":20,"column":null}},"3":{"start":{"line":13,"column":22},"end":{"line":15,"column":null}},"4":{"start":{"line":14,"column":6},"end":{"line":14,"column":null}},"5":{"start":{"line":17,"column":4},"end":{"line":19,"column":null}},"6":{"start":{"line":18,"column":6},"end":{"line":18,"column":null}},"7":{"start":{"line":22,"column":23},"end":{"line":25,"column":null}},"8":{"start":{"line":23,"column":4},"end":{"line":23,"column":null}},"9":{"start":{"line":27,"column":24},"end":{"line":31,"column":null}},"10":{"start":{"line":28,"column":4},"end":{"line":30,"column":5}},"11":{"start":{"line":29,"column":6},"end":{"line":29,"column":null}},"12":{"start":{"line":32,"column":2},"end":{"line":44,"column":null}},"13":{"start":{"line":39,"column":31},"end":{"line":39,"column":null}}},"fnMap":{"0":{"name":"(anonymous_0)","decl":{"start":{"line":8,"column":25},"end":{"line":8,"column":26}},"loc":{"start":{"line":8,"column":73},"end":{"line":46,"column":null}},"line":8},"1":{"name":"(anonymous_1)","decl":{"start":{"line":12,"column":13},"end":{"line":12,"column":19}},"loc":{"start":{"line":12,"column":19},"end":{"line":20,"column":5}},"line":12},"2":{"name":"(anonymous_2)","decl":{"start":{"line":13,"column":33},"end":{"line":13,"column":39}},"loc":{"start":{"line":13,"column":39},"end":{"line":15,"column":7}},"line":13},"3":{"name":"(anonymous_3)","decl":{"start":{"line":17,"column":11},"end":{"line":17,"column":17}},"loc":{"start":{"line":17,"column":17},"end":{"line":19,"column":null}},"line":17},"4":{"name":"(anonymous_4)","decl":{"start":{"line":22,"column":23},"end":{"line":22,"column":29}},"loc":{"start":{"line":22,"column":29},"end":{"line":25,"column":null}},"line":22},"5":{"name":"(anonymous_5)","decl":{"start":{"line":27,"column":24},"end":{"line":27,"column":25}},"loc":{"start":{"line":27,"column":68},"end":{"line":31,"column":null}},"line":27},"6":{"name":"(anonymous_6)","decl":{"start":{"line":39,"column":20},"end":{"line":39,"column":21}},"loc":{"start":{"line":39,"column":31},"end":{"line":39,"column":null}},"line":39}},"branchMap":{"0":{"loc":{"start":{"line":8,"column":28},"end":{"line":8,"column":52}},"type":"default-arg","locations":[{"start":{"line":8,"column":42},"end":{"line":8,"column":52}}],"line":8},"1":{"loc":{"start":{"line":28,"column":4},"end":{"line":30,"column":5}},"type":"if","locations":[{"start":{"line":28,"column":4},"end":{"line":30,"column":5}},{"start":{},"end":{}}],"line":28}},"s":{"0":2,"1":9,"2":9,"3":9,"4":2,"5":9,"6":9,"7":9,"8":1,"9":9,"10":0,"11":0,"12":9,"13":3},"f":{"0":9,"1":9,"2":2,"3":9,"4":1,"5":0,"6":3},"b":{"0":[9],"1":[0,0]},"meta":{"lastBranch":2,"lastFunction":7,"lastStatement":14,"seen":{"s:8:25:46:Infinity":0,"f:8:25:8:26":0,"b:8:42:8:52":0,"s:10:24:10:Infinity":1,"s:12:2:20:Infinity":2,"f:12:13:12:19":1,"s:13:22:15:Infinity":3,"f:13:33:13:39":2,"s:14:6:14:Infinity":4,"s:17:4:19:Infinity":5,"f:17:11:17:17":3,"s:18:6:18:Infinity":6,"s:22:23:25:Infinity":7,"f:22:23:22:29":4,"s:23:4:23:Infinity":8,"s:27:24:31:Infinity":9,"f:27:24:27:25":5,"b:28:4:30:5:undefined:undefined:undefined:undefined":1,"s:28:4:30:5":10,"s:29:6:29:Infinity":11,"s:32:2:44:Infinity":12,"f:39:20:39:21":6,"s:39:31:39:Infinity":13}}}
,"C:\\Users\\Vachu\\Desktop\\React1\\03-gifs-app\\tests\\mocks\\giphy.response.data.ts": {"path":"C:\\Users\\Vachu\\Desktop\\React1\\03-gifs-app\\tests\\mocks\\giphy.response.data.ts","statementMap":{"0":{"start":{"line":1,"column":39},"end":{"line":3052,"column":null}}},"fnMap":{},"branchMap":{},"s":{"0":1},"f":{},"b":{},"meta":{"lastBranch":0,"lastFunction":0,"lastStatement":1,"seen":{"s:1:39:3052:Infinity":0}}}
}
